No write acces to /home/ubuntu/.config/calibre using a temporary dir instead
1% Converting input to HTML...
InputFormatPlugin: ODT Input running
on /home/ubuntu/workspace/convert-books/files/content.odt
Extracting ODT file...
Parsing all content...
Generating default TOC from spine...
34% Running transforms on ebook...
Merging user specified metadata...
Detecting structure...
Auto generated TOC with 3 entries.
Flattening CSS and remapping font sizes...
Source base font size is 12.00000pt
Removing fake margins...
Cleaning up manifest...
Trimming unused files from manifest...
Creating MOBI Output...
67% Running MOBI Output plugin
Serializing resources...
Creating MOBI 6 output
Generating in-line TOC...
Applying case-transforming CSS...
SVG rasterizer unavailable, SVG will not be converted
Converting XHTML to Mobipocket markup...
Serializing markup content...
  Compressing markup content...
Generating MOBI index for a book
MOBI output written to /home/ubuntu/workspace/convert-books/files/dhasavatharam.mobi
Output saved to   /home/ubuntu/workspace/convert-books/files/dhasavatharam.mobi
